Using pre-set license
Built from '2020.3/staging' branch; Version is '2020.3.0f1 (c7b5465681fb) revision 13088070'; Using compiler version '192528614'; Build Type 'Release'
OS: 'Windows 10 Home Single Language; OS build 19041.844; Version 2004; 64bit' Language: 'es' Physical Memory: 14249 MB
BatchMode: 1, IsHumanControllingUs: 0, StartBugReporterOnCrash: 0, Is64bit: 1, IsPro: 0

 COMMAND LINE ARGUMENTS:
C:\Program Files\Unity\2020.3.0f1\Editor\Unity.exe
-adb2
-batchMode
-noUpm
-name
AssetImportWorker0
-projectPath
D:/yaser/Descargas/Ciclo1Progra/Doodle_Revenge
-logFile
Logs/AssetImportWorker0.log
-srvPort
49744
Successfully changed project path to: D:/yaser/Descargas/Ciclo1Progra/Doodle_Revenge
D:/yaser/Descargas/Ciclo1Progra/Doodle_Revenge
Using Asset Import Pipeline V2.
Refreshing native plugins compatible for Editor in 74.43 ms, found 1 plugins.
Preloading 0 native plugins for Editor in 0.00 ms.
Initialize engine version: 2020.3.0f1 (c7b5465681fb)
[Subsystems] Discovering subsystems at path C:/Program Files/Unity/2020.3.0f1/Editor/Data/Resources/UnitySubsystems
[Subsystems] Discovering subsystems at path D:/yaser/Descargas/Ciclo1Progra/Doodle_Revenge/Assets
GfxDevice: creating device client; threaded=0
Direct3D:
    Version:  Direct3D 11.0 [level 11.1]
    Renderer: AMD Radeon(TM) Vega 8 Graphics (ID=0x15d8)
    Vendor:   
    VRAM:     7124 MB
    Driver:   27.20.14501.18003
Initialize mono
Mono path[0] = 'C:/Program Files/Unity/2020.3.0f1/Editor/Data/Managed'
Mono path[1] = 'C:/Program Files/Unity/2020.3.0f1/Editor/Data/MonoBleedingEdge/lib/mono/unityjit'
Mono config path = 'C:/Program Files/Unity/2020.3.0f1/Editor/Data/MonoBleedingEdge/etc'
Using monoOptions --debugger-agent=transport=dt_socket,embedding=1,server=y,suspend=n,address=127.0.0.1:56840
Begin MonoManager ReloadAssembly
Registering precompiled unity dll's ...
Register platform support module: C:/Program Files/Unity/2020.3.0f1/Editor/Data/PlaybackEngines/WindowsStandaloneSupport/UnityEditor.WindowsStandalone.Extensions.dll
Registered in 0.012177 seconds.
Native extension for WindowsStandalone target not found
Refreshing native plugins compatible for Editor in 75.70 ms, found 1 plugins.
Preloading 0 native plugins for Editor in 0.00 ms.
Invoked RoslynAnalysisRunner static constructor.
RoslynAnalysisRunner will not be running.
RoslynAnalysisRunner has terminated.
Mono: successfully reloaded assembly
- Completed reload, in  2.541 seconds
Platform modules already initialized, skipping
Registering precompiled user dll's ...
Registered in 0.004450 seconds.
Begin MonoManager ReloadAssembly
Native extension for WindowsStandalone target not found
Refreshing native plugins compatible for Editor in 105.19 ms, found 1 plugins.
Preloading 0 native plugins for Editor in 0.00 ms.
Invoked RoslynAnalysisRunner static constructor.
RoslynAnalysisRunner will not be running.
RoslynAnalysisRunner has terminated.
Mono: successfully reloaded assembly
- Completed reload, in  2.838 seconds
Platform modules already initialized, skipping
========================================================================
Worker process is ready to serve import requests
Launched and connected shader compiler UnityShaderCompiler.exe after 0.27 seconds
Refreshing native plugins compatible for Editor in 1.32 ms, found 1 plugins.
Preloading 0 native plugins for Editor in 0.00 ms.
Unloading 1808 Unused Serialized files (Serialized files now loaded: 0)
System memory in use before: 84.9 MB.
System memory in use after: 84.9 MB.

Unloading 23 unused Assets to reduce memory usage. Loaded Objects now: 2253.
Total: 6.554400 ms (FindLiveObjects: 0.985200 ms CreateObjectMapping: 0.403100 ms MarkObjects: 4.774500 ms  DeleteObjects: 0.387100 ms)

========================================================================
Received Import Request.
  path: Assets/Scripts/Movimiento.cs
  artifactKey: Guid(898db5e86012cb94ba6ecc4fe6178989) Importer(815301076,1909f56bfc062723c751e8b465ee728b)
Start importing Assets/Scripts/Movimiento.cs using Guid(898db5e86012cb94ba6ecc4fe6178989) Importer(815301076,1909f56bfc062723c751e8b465ee728b)  -> (artifact id: 'd54603943e9f6e4e934f04445d62874e') in 0.110625 seconds
  Import took 0.151827 seconds .

========================================================================
Received Prepare
Refreshing native plugins compatible for Editor in 7.67 ms, found 1 plugins.
Preloading 0 native plugins for Editor in 0.00 ms.
Unloading 9 Unused Serialized files (Serialized files now loaded: 0)
System memory in use before: 49.2 MB.
System memory in use after: 49.2 MB.

Unloading 9 unused Assets to reduce memory usage. Loaded Objects now: 2253.
Total: 7.616000 ms (FindLiveObjects: 0.635400 ms CreateObjectMapping: 0.139900 ms MarkObjects: 6.586900 ms  DeleteObjects: 0.248900 ms)

========================================================================
Received Import Request.
  Time since last request: 268.025470 seconds.
  path: Assets/Scripts/Movimiento.cs
  artifactKey: Guid(898db5e86012cb94ba6ecc4fe6178989) Importer(815301076,1909f56bfc062723c751e8b465ee728b)
Start importing Assets/Scripts/Movimiento.cs using Guid(898db5e86012cb94ba6ecc4fe6178989) Importer(815301076,1909f56bfc062723c751e8b465ee728b)  -> (artifact id: '8fed3fcb60bc19b4cc355e3e091f68a4') in 0.007300 seconds
  Import took 0.045385 seconds .

========================================================================
Received Import Request.
  Time since last request: 54.234005 seconds.
  path: Assets/Scripts/Movimiento.cs
  artifactKey: Guid(898db5e86012cb94ba6ecc4fe6178989) Importer(815301076,1909f56bfc062723c751e8b465ee728b)
Start importing Assets/Scripts/Movimiento.cs using Guid(898db5e86012cb94ba6ecc4fe6178989) Importer(815301076,1909f56bfc062723c751e8b465ee728b)  -> (artifact id: '4347e6acf7c50453d2518efd7a1ef960') in 0.009128 seconds
  Import took 0.015500 seconds .

========================================================================
Received Prepare
Registering precompiled user dll's ...
Registered in 0.002958 seconds.
Begin MonoManager ReloadAssembly
Native extension for WindowsStandalone target not found
Refreshing native plugins compatible for Editor in 3.13 ms, found 1 plugins.
Preloading 0 native plugins for Editor in 0.00 ms.
Invoked RoslynAnalysisRunner static constructor.
RoslynAnalysisRunner will not be running.
RoslynAnalysisRunner has terminated.
Mono: successfully reloaded assembly
- Completed reload, in  2.328 seconds
Platform modules already initialized, skipping
Refreshing native plugins compatible for Editor in 0.84 ms, found 1 plugins.
Preloading 0 native plugins for Editor in 0.00 ms.
Unloading 1802 Unused Serialized files (Serialized files now loaded: 0)
System memory in use before: 84.8 MB.
System memory in use after: 84.8 MB.

Unloading 11 unused Assets to reduce memory usage. Loaded Objects now: 2257.
Total: 5.673100 ms (FindLiveObjects: 0.543200 ms CreateObjectMapping: 0.343800 ms MarkObjects: 4.539800 ms  DeleteObjects: 0.242900 ms)

========================================================================
Received Prepare
Registering precompiled user dll's ...
Registered in 0.003532 seconds.
Begin MonoManager ReloadAssembly
Native extension for WindowsStandalone target not found
Refreshing native plugins compatible for Editor in 0.91 ms, found 1 plugins.
Preloading 0 native plugins for Editor in 0.00 ms.
Invoked RoslynAnalysisRunner static constructor.
RoslynAnalysisRunner will not be running.
RoslynAnalysisRunner has terminated.
Mono: successfully reloaded assembly
- Completed reload, in  2.174 seconds
Platform modules already initialized, skipping
Refreshing native plugins compatible for Editor in 0.85 ms, found 1 plugins.
Preloading 0 native plugins for Editor in 0.00 ms.
Unloading 1802 Unused Serialized files (Serialized files now loaded: 0)
System memory in use before: 84.8 MB.
System memory in use after: 84.9 MB.

Unloading 11 unused Assets to reduce memory usage. Loaded Objects now: 2261.
Total: 4.529800 ms (FindLiveObjects: 0.490700 ms CreateObjectMapping: 0.070900 ms MarkObjects: 3.733000 ms  DeleteObjects: 0.233000 ms)

========================================================================
Received Prepare
Registering precompiled user dll's ...
Registered in 0.004957 seconds.
Begin MonoManager ReloadAssembly
Native extension for WindowsStandalone target not found
Refreshing native plugins compatible for Editor in 1.51 ms, found 1 plugins.
Preloading 0 native plugins for Editor in 0.00 ms.
Invoked RoslynAnalysisRunner static constructor.
RoslynAnalysisRunner will not be running.
RoslynAnalysisRunner has terminated.
Mono: successfully reloaded assembly
- Completed reload, in  1.974 seconds
Platform modules already initialized, skipping
Refreshing native plugins compatible for Editor in 0.84 ms, found 1 plugins.
Preloading 0 native plugins for Editor in 0.00 ms.
Unloading 1802 Unused Serialized files (Serialized files now loaded: 0)
System memory in use before: 84.9 MB.
System memory in use after: 84.9 MB.

Unloading 11 unused Assets to reduce memory usage. Loaded Objects now: 2265.
Total: 5.776200 ms (FindLiveObjects: 0.857000 ms CreateObjectMapping: 0.317100 ms MarkObjects: 4.363200 ms  DeleteObjects: 0.235900 ms)

========================================================================
Received Prepare
Registering precompiled user dll's ...
Registered in 0.003337 seconds.
Begin MonoManager ReloadAssembly
Native extension for WindowsStandalone target not found
Refreshing native plugins compatible for Editor in 1.22 ms, found 1 plugins.
Preloading 0 native plugins for Editor in 0.00 ms.
Invoked RoslynAnalysisRunner static constructor.
RoslynAnalysisRunner will not be running.
RoslynAnalysisRunner has terminated.
Mono: successfully reloaded assembly
- Completed reload, in  2.477 seconds
Platform modules already initialized, skipping
Refreshing native plugins compatible for Editor in 1.16 ms, found 1 plugins.
Preloading 0 native plugins for Editor in 0.00 ms.
Unloading 1802 Unused Serialized files (Serialized files now loaded: 0)
System memory in use before: 84.9 MB.
System memory in use after: 84.9 MB.

Unloading 11 unused Assets to reduce memory usage. Loaded Objects now: 2269.
Total: 7.533200 ms (FindLiveObjects: 1.502200 ms CreateObjectMapping: 0.562500 ms MarkObjects: 5.227100 ms  DeleteObjects: 0.237900 ms)

========================================================================
Received Prepare
Registering precompiled user dll's ...
Registered in 0.003493 seconds.
Begin MonoManager ReloadAssembly
Native extension for WindowsStandalone target not found
Refreshing native plugins compatible for Editor in 1.11 ms, found 1 plugins.
Preloading 0 native plugins for Editor in 0.00 ms.
Invoked RoslynAnalysisRunner static constructor.
RoslynAnalysisRunner will not be running.
RoslynAnalysisRunner has terminated.
Mono: successfully reloaded assembly
- Completed reload, in  2.123 seconds
Platform modules already initialized, skipping
Refreshing native plugins compatible for Editor in 0.86 ms, found 1 plugins.
Preloading 0 native plugins for Editor in 0.00 ms.
Unloading 1802 Unused Serialized files (Serialized files now loaded: 0)
System memory in use before: 84.9 MB.
System memory in use after: 84.9 MB.

Unloading 11 unused Assets to reduce memory usage. Loaded Objects now: 2273.
Total: 5.570200 ms (FindLiveObjects: 0.653000 ms CreateObjectMapping: 0.191200 ms MarkObjects: 4.490400 ms  DeleteObjects: 0.232200 ms)

========================================================================
Received Prepare
Refreshing native plugins compatible for Editor in 6.53 ms, found 1 plugins.
Preloading 0 native plugins for Editor in 0.00 ms.
Unloading 9 Unused Serialized files (Serialized files now loaded: 0)
System memory in use before: 49.4 MB.
System memory in use after: 49.5 MB.

Unloading 9 unused Assets to reduce memory usage. Loaded Objects now: 2273.
Total: 4.464700 ms (FindLiveObjects: 0.563200 ms CreateObjectMapping: 0.129300 ms MarkObjects: 3.554000 ms  DeleteObjects: 0.215400 ms)

========================================================================
Received Prepare
Refreshing native plugins compatible for Editor in 5.76 ms, found 1 plugins.
Preloading 0 native plugins for Editor in 0.00 ms.
Unloading 9 Unused Serialized files (Serialized files now loaded: 0)
System memory in use before: 49.4 MB.
System memory in use after: 49.5 MB.

Unloading 9 unused Assets to reduce memory usage. Loaded Objects now: 2273.
Total: 8.163100 ms (FindLiveObjects: 0.661800 ms CreateObjectMapping: 0.215000 ms MarkObjects: 7.022200 ms  DeleteObjects: 0.260100 ms)

========================================================================
Received Prepare
Refreshing native plugins compatible for Editor in 5.89 ms, found 1 plugins.
Preloading 0 native plugins for Editor in 0.00 ms.
Unloading 9 Unused Serialized files (Serialized files now loaded: 0)
System memory in use before: 49.5 MB.
System memory in use after: 49.5 MB.

Unloading 9 unused Assets to reduce memory usage. Loaded Objects now: 2273.
Total: 5.365300 ms (FindLiveObjects: 0.485800 ms CreateObjectMapping: 0.070800 ms MarkObjects: 4.569500 ms  DeleteObjects: 0.236100 ms)

========================================================================
Received Prepare
Refreshing native plugins compatible for Editor in 5.90 ms, found 1 plugins.
Preloading 0 native plugins for Editor in 0.00 ms.
Unloading 9 Unused Serialized files (Serialized files now loaded: 0)
System memory in use before: 49.5 MB.
System memory in use after: 49.5 MB.

Unloading 9 unused Assets to reduce memory usage. Loaded Objects now: 2273.
Total: 6.502100 ms (FindLiveObjects: 0.941500 ms CreateObjectMapping: 0.306700 ms MarkObjects: 5.010900 ms  DeleteObjects: 0.239500 ms)

